<?xml version="1.0" encoding="UTF-8"?>
<!-- Generated by org.testng.reporters.JUnitReportReporter -->
<testsuite hostname="PrathibaSuresh" failures="0" tests="1" name="com.mystore.testcases.SearchResultPageTest" time="31.999" errors="0" timestamp="2022-09-22T19:41:06 IST" skipped="0">
  <testcase classname="com.mystore.testcases.SearchResultPageTest" name="productAvailabilityTest" time="31.999"/>
  <system-out/>
</testsuite> <!-- com.mystore.testcases.SearchResultPageTest -->
