<?xml version="1.0" encoding="UTF-8"?>
<!-- Generated by org.testng.reporters.JUnitReportReporter -->
<testsuite hostname="PrathibaSuresh" failures="0" tests="1" name="com.mystore.testcases.EndToEndTest" time="93.372" errors="0" timestamp="2022-09-22T18:08:36 IST" skipped="0">
  <testcase classname="com.mystore.testcases.EndToEndTest" name="endToEndTest" time="93.372"/>
  <system-out/>
</testsuite> <!-- com.mystore.testcases.EndToEndTest -->
