<?xml version="1.0" encoding="UTF-8"?>
<!-- Generated by org.testng.reporters.JUnitReportReporter -->
<testsuite hostname="PrathibaSuresh" failures="0" tests="1" name="com.mystore.testcases.OrderPageTest" time="75.661" errors="0" timestamp="2022-09-22T18:08:36 IST" skipped="0">
  <testcase classname="com.mystore.testcases.OrderPageTest" name="verifyTotalPrice" time="75.661"/>
  <system-out/>
</testsuite> <!-- com.mystore.testcases.OrderPageTest -->
