<?xml version="1.0" encoding="UTF-8"?>
<!-- Generated by org.testng.reporters.JUnitReportReporter -->
<testsuite hostname="PrathibaSuresh" failures="0" tests="1" name="com.mystore.testcases.EndToEndTest" time="210.158" errors="0" timestamp="2022-09-22T17:50:32 IST" skipped="0">
  <testcase classname="com.mystore.testcases.EndToEndTest" name="endToEndTest" time="210.158"/>
  <system-out/>
</testsuite> <!-- com.mystore.testcases.EndToEndTest -->
