<?xml version="1.0" encoding="UTF-8"?>
<!-- Generated by org.testng.reporters.JUnitReportReporter -->
<testsuite hostname="PrathibaSuresh" failures="0" tests="1" name="com.mystore.testcases.EndToEndTest" time="103.509" errors="0" timestamp="2022-09-22T19:41:06 IST" skipped="0">
  <testcase classname="com.mystore.testcases.EndToEndTest" name="endToEndTest" time="103.509"/>
  <system-out/>
</testsuite> <!-- com.mystore.testcases.EndToEndTest -->
