<?xml version="1.0" encoding="UTF-8"?>
<!-- Generated by org.testng.reporters.JUnitReportReporter -->
<testsuite hostname="PrathibaSuresh" failures="0" tests="1" name="com.mystore.testcases.AddToCartPageTest" time="29.281" errors="0" timestamp="2022-09-22T18:08:36 IST" skipped="0">
  <testcase classname="com.mystore.testcases.AddToCartPageTest" name="addToCartTest" time="29.281"/>
  <system-out/>
</testsuite> <!-- com.mystore.testcases.AddToCartPageTest -->
